<?xml version="1.0" encoding="UTF-8"?>
<!-- Generated by org.testng.reporters.JUnitReportReporter -->
<testsuite hostname="MAL-004013" failures="0" tests="2" name="com.cpds.jenkinsMaven.JenkinsCalcTest" time="0.007" errors="0" timestamp="2021-10-25T15:31:25 CEST" skipped="0">
  <testcase classname="com.cpds.jenkinsMaven.JenkinsCalcTest" name="testSub" time="0.001"/>
  <system-out/>
  <testcase classname="com.cpds.jenkinsMaven.JenkinsCalcTest" name="testAdd" time="0.006"/>
  <system-out/>
</testsuite> <!-- com.cpds.jenkinsMaven.JenkinsCalcTest -->
